{"timestamp":"2026-05-25T09:38:55.463489Z","level":"info","event":"DAG bundles loaded: dags-folder, example_dags","logger":"airflow.dag_processing.bundles.manager.DagBundlesManager","filename":"manager.py","lineno":209}
{"timestamp":"2026-05-25T09:38:55.464318Z","level":"info","event":"Filling up the DagBag from /home/jibach/End-to-End-Breast-Cancer-Prediction-ML-Pipeline/airflow/dags/breast_cancer_pipeline_dag.py","logger":"airflow.dag_processing.dagbag.BundleDagBag","filename":"dagbag.py","lineno":469}
{"timestamp":"2026-05-25T09:38:55.509650Z","level":"warning","event":"The `airflow.operators.python.PythonOperator` attribute is deprecated. Please use `'airflow.providers.standard.operators.python.PythonOperator'`.","category":"UserWarning","filename":"/home/jibach/End-to-End-Breast-Cancer-Prediction-ML-Pipeline/airflow/dags/breast_cancer_pipeline_dag.py","lineno":3,"logger":"py.warnings"}
{"timestamp":"2026-05-25T09:38:55.538501Z","level":"info","event":"Task instance is in running state","logger":"task.stdout"}
{"timestamp":"2026-05-25T09:38:55.538852Z","level":"info","event":" Previous state of the Task instance: TaskInstanceState.QUEUED","logger":"task.stdout"}
{"timestamp":"2026-05-25T09:38:55.539143Z","level":"info","event":"Current task name:feature_engineering","logger":"task.stdout"}
{"timestamp":"2026-05-25T09:38:55.539311Z","level":"info","event":"Dag name:breast_cancer_training_pipeline","logger":"task.stdout"}
{"timestamp":"2026-05-25T09:38:56.334328Z","level":"info","event":"============================================================","logger":"src.feature_engineering.engineering","filename":"logger.py","lineno":69}
{"timestamp":"2026-05-25T09:38:56.334517Z","level":"info","event":"  🚀 STAGE: FEATURE ENGINEERING — ETL","logger":"src.feature_engineering.engineering","filename":"logger.py","lineno":70}
{"timestamp":"2026-05-25T09:38:56.334615Z","level":"info","event":"  ⏰ Time : 2026-05-25 15:23:56","logger":"src.feature_engineering.engineering","filename":"logger.py","lineno":71}
{"timestamp":"2026-05-25T09:38:56.334696Z","level":"info","event":"============================================================","logger":"src.feature_engineering.engineering","filename":"logger.py","lineno":72}
{"timestamp":"2026-05-25T09:38:56.334769Z","level":"info","event":"📥 EXTRACT — Reading from breast_cancer_processed...","logger":"src.feature_engineering.engineering","filename":"engineering.py","lineno":68}
{"timestamp":"2026-05-25T09:38:56.427265Z","level":"info","event":"✅ Extracted 5802 rows from breast_cancer_processed","logger":"src.feature_engineering.engineering","filename":"logger.py","lineno":76}
{"timestamp":"2026-05-25T09:38:56.427456Z","level":"info","event":"🔄 TRANSFORM — Feature engineering...","logger":"src.feature_engineering.engineering","filename":"engineering.py","lineno":115}
{"timestamp":"2026-05-25T09:38:56.427580Z","level":"info","event":"📌 STEP 1 — Splitting features and target...","logger":"src.feature_engineering.engineering","filename":"engineering.py","lineno":118}
{"timestamp":"2026-05-25T09:38:56.430436Z","level":"info","event":"✅ Features: (5802, 14) | Target: (5802,)","logger":"src.feature_engineering.engineering","filename":"logger.py","lineno":76}
{"timestamp":"2026-05-25T09:38:56.430584Z","level":"info","event":"📌 STEP 2 — Selecting top 10 features...","logger":"src.feature_engineering.engineering","filename":"engineering.py","lineno":128}
{"timestamp":"2026-05-25T09:38:56.435992Z","level":"info","event":"   Feature scores:","logger":"src.feature_engineering.engineering","filename":"engineering.py","lineno":137}
{"timestamp":"2026-05-25T09:38:56.436237Z","level":"info","event":"   progesterone_status            score: 782.58","logger":"src.feature_engineering.engineering","filename":"engineering.py","lineno":139}
{"timestamp":"2026-05-25T09:38:56.436349Z","level":"info","event":"   estrogen_status                score: 334.76","logger":"src.feature_engineering.engineering","filename":"engineering.py","lineno":139}
{"timestamp":"2026-05-25T09:38:56.436425Z","level":"info","event":"   differentiate                  score: 233.14","logger":"src.feature_engineering.engineering","filename":"engineering.py","lineno":139}
{"timestamp":"2026-05-25T09:38:56.436497Z","level":"info","event":"   tumor_size                     score: 153.12","logger":"src.feature_engineering.engineering","filename":"engineering.py","lineno":139}
{"timestamp":"2026-05-25T09:38:56.436566Z","level":"info","event":"   regional_node_positive         score: 134.68","logger":"src.feature_engineering.engineering","filename":"engineering.py","lineno":139}
{"timestamp":"2026-05-25T09:38:56.436633Z","level":"info","event":"   race                           score: 81.76","logger":"src.feature_engineering.engineering","filename":"engineering.py","lineno":139}
{"timestamp":"2026-05-25T09:38:56.436697Z","level":"info","event":"   regional_node_examined         score: 50.83","logger":"src.feature_engineering.engineering","filename":"engineering.py","lineno":139}
{"timestamp":"2026-05-25T09:38:56.436759Z","level":"info","event":"   marital_status                 score: 40.56","logger":"src.feature_engineering.engineering","filename":"engineering.py","lineno":139}
{"timestamp":"2026-05-25T09:38:56.436821Z","level":"info","event":"   age                            score: 38.52","logger":"src.feature_engineering.engineering","filename":"engineering.py","lineno":139}
{"timestamp":"2026-05-25T09:38:56.436885Z","level":"info","event":"   a_stage                        score: 28.34","logger":"src.feature_engineering.engineering","filename":"engineering.py","lineno":139}
{"timestamp":"2026-05-25T09:38:56.437447Z","level":"info","event":"✅ Selected features: ['age', 'race', 'marital_status', 'differentiate', 'a_stage', 'tumor_size', 'estrogen_status', 'progesterone_status', 'regional_node_examined', 'regional_node_positive']","logger":"src.feature_engineering.engineering","filename":"logger.py","lineno":76}
{"timestamp":"2026-05-25T09:38:56.437588Z","level":"info","event":"📌 STEP 3 — Train/Test split...","logger":"src.feature_engineering.engineering","filename":"engineering.py","lineno":146}
{"timestamp":"2026-05-25T09:38:56.441610Z","level":"info","event":"✅ Train: 4641 | Test: 1161","logger":"src.feature_engineering.engineering","filename":"logger.py","lineno":76}
{"timestamp":"2026-05-25T09:38:56.441850Z","level":"info","event":"📌 STEP 4 — Scaling features...","logger":"src.feature_engineering.engineering","filename":"engineering.py","lineno":158}
{"timestamp":"2026-05-25T09:38:56.446600Z","level":"info","event":"✅ Features scaled successfully","logger":"src.feature_engineering.engineering","filename":"logger.py","lineno":76}
{"timestamp":"2026-05-25T09:38:56.446890Z","level":"info","event":"💾 LOAD — Saving artifacts...","logger":"src.feature_engineering.engineering","filename":"engineering.py","lineno":207}
{"timestamp":"2026-05-25T09:38:56.540326Z","level":"info","event":"✅ Train/Test splits saved","logger":"src.feature_engineering.engineering","filename":"logger.py","lineno":76}
{"timestamp":"2026-05-25T09:38:56.540808Z","level":"info","event":"✅ scaler.pkl saved → /home/jibach/End-to-End-Breast-Cancer-Prediction-ML-Pipeline/src/constants/../../artifacts/encoders/scaler.pkl","logger":"src.feature_engineering.engineering","filename":"logger.py","lineno":76}
{"timestamp":"2026-05-25T09:38:56.541114Z","level":"info","event":"✅ selector.pkl saved → /home/jibach/End-to-End-Breast-Cancer-Prediction-ML-Pipeline/src/constants/../../artifacts/encoders/selector.pkl","logger":"src.feature_engineering.engineering","filename":"logger.py","lineno":76}
{"timestamp":"2026-05-25T09:38:56.541310Z","level":"info","event":"✅ selected_features.pkl saved → /home/jibach/End-to-End-Breast-Cancer-Prediction-ML-Pipeline/src/constants/../../artifacts/encoders/selected_features.pkl","logger":"src.feature_engineering.engineering","filename":"logger.py","lineno":76}
{"timestamp":"2026-05-25T09:38:56.541412Z","level":"info","event":"✅ FEATURE ENGINEERING ETL COMPLETED ✅","logger":"src.feature_engineering.engineering","filename":"logger.py","lineno":76}
{"timestamp":"2026-05-25T09:38:56.541506Z","level":"info","event":"   → Ready for train.py","logger":"src.feature_engineering.engineering","filename":"engineering.py","lineno":261}
{"timestamp":"2026-05-25T09:38:56.541853Z","level":"info","event":"Done. Returned value was: None","logger":"airflow.task.operators.airflow.providers.standard.operators.python.PythonOperator","filename":"python.py","lineno":229}
{"timestamp":"2026-05-25T09:38:56.556664Z","level":"info","event":"Task instance in success state","logger":"task.stdout"}
{"timestamp":"2026-05-25T09:38:56.557080Z","level":"info","event":" Previous state of the Task instance: TaskInstanceState.RUNNING","logger":"task.stdout"}
{"timestamp":"2026-05-25T09:38:56.557326Z","level":"info","event":"Task operator:<Task(PythonOperator): feature_engineering>","logger":"task.stdout"}
