2026-05-25 15:22:04 | INFO     | src.model_evaluation.evaluate | ============================================================
2026-05-25 15:22:04 | INFO     | src.model_evaluation.evaluate |   🚀 STAGE: MODEL EVALUATION — ETL
2026-05-25 15:22:04 | INFO     | src.model_evaluation.evaluate |   ⏰ Time : 2026-05-25 15:22:04
2026-05-25 15:22:04 | INFO     | src.model_evaluation.evaluate | ============================================================
2026-05-25 15:22:04 | INFO     | src.model_evaluation.evaluate | 📥 EXTRACT — Reading model and test artifacts...
2026-05-25 15:22:04 | INFO     | src.model_evaluation.evaluate | ✅ Model loaded   : xgboost
2026-05-25 15:22:04 | INFO     | src.model_evaluation.evaluate | ✅ X_test: (1161, 10) | y_test: (1161,)
2026-05-25 15:22:04 | INFO     | src.model_evaluation.evaluate | 🔄 TRANSFORM — Evaluating model...
2026-05-25 15:22:04 | INFO     | src.model_evaluation.evaluate | 📌 STEP 1 — Generating predictions...
2026-05-25 15:22:04 | INFO     | src.model_evaluation.evaluate | ✅ Predictions generated: 1161 samples
2026-05-25 15:22:04 | INFO     | src.model_evaluation.evaluate | 📌 STEP 2 — Calculating metrics...
2026-05-25 15:22:04 | INFO     | src.model_evaluation.evaluate | ✅ accuracy    : 0.9156
2026-05-25 15:22:04 | INFO     | src.model_evaluation.evaluate | ✅ precision   : 0.9057
2026-05-25 15:22:04 | INFO     | src.model_evaluation.evaluate | ✅ recall      : 0.9276
2026-05-25 15:22:04 | INFO     | src.model_evaluation.evaluate | ✅ f1_score    : 0.9165
2026-05-25 15:22:04 | INFO     | src.model_evaluation.evaluate | ✅ roc_auc     : 0.9623
2026-05-25 15:22:04 | INFO     | src.model_evaluation.evaluate | 📌 STEP 3 — Confusion matrix...
2026-05-25 15:22:04 | INFO     | src.model_evaluation.evaluate |    Confusion Matrix:
2026-05-25 15:22:04 | INFO     | src.model_evaluation.evaluate |    TN=525  FP=56
2026-05-25 15:22:04 | INFO     | src.model_evaluation.evaluate |    FN=42  TP=538
2026-05-25 15:22:04 | INFO     | src.model_evaluation.evaluate | ✅ True Positives  (Dead correctly predicted)  : 538
2026-05-25 15:22:04 | INFO     | src.model_evaluation.evaluate | ✅ True Negatives  (Alive correctly predicted) : 525
2026-05-25 15:22:04 | WARNING  | src.model_evaluation.evaluate | ⚠️  False Positives (Alive predicted as Dead)   : 56
2026-05-25 15:22:04 | WARNING  | src.model_evaluation.evaluate | ⚠️  False Negatives (Dead predicted as Alive)   : 42
2026-05-25 15:22:04 | INFO     | src.model_evaluation.evaluate | 📌 STEP 4 — Classification report...
2026-05-25 15:22:04 | INFO     | src.model_evaluation.evaluate | 
              precision    recall  f1-score   support

        Dead       0.93      0.90      0.91       581
       Alive       0.91      0.93      0.92       580

    accuracy                           0.92      1161
   macro avg       0.92      0.92      0.92      1161
weighted avg       0.92      0.92      0.92      1161

2026-05-25 15:22:04 | INFO     | src.model_evaluation.evaluate | 💾 LOAD — Saving evaluation report...
2026-05-25 15:22:04 | INFO     | src.model_evaluation.evaluate | ✅ Evaluation report saved → /home/jibach/End-to-End-Breast-Cancer-Prediction-ML-Pipeline/src/constants/../../logs/evaluation_report_20260525_152204.json
2026-05-25 15:22:04 | INFO     | src.model_evaluation.evaluate | 
=======================================================
2026-05-25 15:22:04 | INFO     | src.model_evaluation.evaluate |    📊 FINAL EVALUATION SUMMARY
2026-05-25 15:22:04 | INFO     | src.model_evaluation.evaluate | =======================================================
2026-05-25 15:22:04 | INFO     | src.model_evaluation.evaluate |    accuracy    : 0.9156
2026-05-25 15:22:04 | INFO     | src.model_evaluation.evaluate |    precision   : 0.9057
2026-05-25 15:22:04 | INFO     | src.model_evaluation.evaluate |    recall      : 0.9276
2026-05-25 15:22:04 | INFO     | src.model_evaluation.evaluate |    f1_score    : 0.9165
2026-05-25 15:22:04 | INFO     | src.model_evaluation.evaluate |    roc_auc     : 0.9623
2026-05-25 15:22:04 | INFO     | src.model_evaluation.evaluate | =======================================================
2026-05-25 15:22:04 | INFO     | src.model_evaluation.evaluate | ✅ MODEL EVALUATION ETL COMPLETED ✅
2026-05-25 15:22:04 | INFO     | src.model_evaluation.evaluate |    → Report saved to logs/
2026-05-25 15:22:04 | INFO     | src.model_evaluation.evaluate |    → Ready for predict.py
