2026-05-25 15:18:58 | INFO     | src.model_training.train | ============================================================
2026-05-25 15:18:58 | INFO     | src.model_training.train |   🚀 STAGE: MODEL TRAINING — ETL + MLflow
2026-05-25 15:18:58 | INFO     | src.model_training.train |   ⏰ Time : 2026-05-25 15:18:58
2026-05-25 15:18:58 | INFO     | src.model_training.train | ============================================================
2026-05-25 15:18:58 | INFO     | src.model_training.train | 📥 EXTRACT — Reading train/test artifacts...
2026-05-25 15:18:58 | INFO     | src.model_training.train | ✅ X_train: (4641, 10) | X_test: (1161, 10)
2026-05-25 15:18:58 | INFO     | src.model_training.train | ✅ y_train: (4641,) | y_test: (1161,)
2026-05-25 15:18:58 | INFO     | src.model_training.train | 🔄 TRANSFORM — Training all models with MLflow tracking...
2026-05-25 15:18:58 | INFO     | src.model_training.train | 📌 Training → random_forest
2026-05-25 15:19:05 | INFO     | src.model_training.train |    Metric          Train     Test      Gap
2026-05-25 15:19:05 | INFO     | src.model_training.train |    ----------------------------------------
2026-05-25 15:19:05 | INFO     | src.model_training.train |    accuracy       0.9235   0.8803  +0.0432
2026-05-25 15:19:05 | INFO     | src.model_training.train |    f1             0.9241   0.8782  +0.0459
2026-05-25 15:19:05 | INFO     | src.model_training.train |    precision      0.9169   0.8930  +0.0239
2026-05-25 15:19:05 | INFO     | src.model_training.train |    recall         0.9315   0.8638  +0.0677
2026-05-25 15:19:05 | INFO     | src.model_training.train |    CV f1: 0.8539 ± 0.0120
2026-05-25 15:19:05 | INFO     | src.model_training.train |    Diagnosis: ✅ GOOD FIT  — train/test gap: 0.0432
2026-05-25 15:19:05 | INFO     | src.model_training.train | 
2026-05-25 15:19:05 | INFO     | src.model_training.train | 📌 Training → xgboost
2026-05-25 15:19:11 | INFO     | src.model_training.train |    Metric          Train     Test      Gap
2026-05-25 15:19:11 | INFO     | src.model_training.train |    ----------------------------------------
2026-05-25 15:19:11 | INFO     | src.model_training.train |    accuracy       0.9429   0.9156  +0.0273
2026-05-25 15:19:11 | INFO     | src.model_training.train |    f1             0.9448   0.9165  +0.0283
2026-05-25 15:19:11 | INFO     | src.model_training.train |    precision      0.9149   0.9057  +0.0092
2026-05-25 15:19:11 | INFO     | src.model_training.train |    recall         0.9767   0.9276  +0.0491
2026-05-25 15:19:11 | INFO     | src.model_training.train |    CV f1: 0.8918 ± 0.0058
2026-05-25 15:19:11 | INFO     | src.model_training.train |    Diagnosis: ✅ GOOD FIT  — train/test gap: 0.0273
2026-05-25 15:19:11 | INFO     | src.model_training.train | 
2026-05-25 15:19:11 | INFO     | src.model_training.train | =======================================================
2026-05-25 15:19:11 | INFO     | src.model_training.train | ✅ 🏆 Best model: xgboost | CV f1: 0.8918
2026-05-25 15:19:11 | INFO     | src.model_training.train | =======================================================
2026-05-25 15:19:11 | INFO     | src.model_training.train | 💾 LOAD — Saving models and metrics...
2026-05-25 15:19:11 | INFO     | src.model_training.train | ✅ random_forest.pkl saved | CV f1: 0.8539
2026-05-25 15:19:11 | INFO     | src.model_training.train | ✅ xgboost.pkl saved | CV f1: 0.8918
2026-05-25 15:19:11 | INFO     | src.model_training.train | ✅ best_model.pkl saved → xgboost
2026-05-25 15:19:11 | INFO     | src.model_training.train | ✅ train_test_comparison.json saved
2026-05-25 15:19:11 | INFO     | src.model_training.train | 
=====================================================================================
2026-05-25 15:19:11 | INFO     | src.model_training.train | Model                        CV F1  Train Acc   Test Acc      Gap Diagnosis
2026-05-25 15:19:11 | INFO     | src.model_training.train | =====================================================================================
2026-05-25 15:19:11 | INFO     | src.model_training.train | random_forest               0.8539     0.9235     0.8803  +0.0432  ✅ GOOD FIT
2026-05-25 15:19:11 | INFO     | src.model_training.train | xgboost                     0.8918     0.9429     0.9156  +0.0273  ✅ GOOD FIT 🏆
2026-05-25 15:19:11 | INFO     | src.model_training.train | =====================================================================================
2026-05-25 15:19:11 | INFO     | src.model_training.train | ✅ MODEL TRAINING ETL COMPLETED ✅
2026-05-25 15:19:11 | INFO     | src.model_training.train |    → Models saved to artifacts/models/
2026-05-25 15:19:11 | INFO     | src.model_training.train |    → Metrics saved to artifacts/metrics/
2026-05-25 15:19:11 | INFO     | src.model_training.train |    → Run 'mlflow ui' to view experiments
2026-05-25 15:19:11 | INFO     | src.model_training.train |    → Ready for evaluate.py
