2026-05-14 21:52:13 | INFO     | __main__ | ============================================================
2026-05-14 21:52:13 | INFO     | __main__ |   🚀 STAGE: DATA TRANSFORMATION — ETL
2026-05-14 21:52:13 | INFO     | __main__ |   ⏰ Time : 2026-05-14 21:52:13
2026-05-14 21:52:13 | INFO     | __main__ | ============================================================
2026-05-14 21:52:13 | INFO     | __main__ | 📥 EXTRACT — Reading from breast_cancer_raw...
2026-05-14 21:52:13 | INFO     | __main__ | ✅ Extracted 4023 rows from breast_cancer_raw
2026-05-14 21:52:13 | INFO     | __main__ | 🔄 TRANSFORM — Applying all cleaning steps...
2026-05-14 21:52:13 | INFO     | __main__ | 📌 STEP 1 — Dropping ['survival_months']...
2026-05-14 21:52:13 | INFO     | __main__ | ✅ ['survival_months'] dropped
2026-05-14 21:52:13 | INFO     | __main__ | 📌 STEP 2 — Removing outliers (IQR)...
2026-05-14 21:52:13 | INFO     | __main__ | ✅ tumor_size outliers removed | [-17.0, 71.0]
2026-05-14 21:52:13 | INFO     | __main__ | ✅ regional_node_examined outliers removed | [-6.0, 34.0]
2026-05-14 21:52:13 | INFO     | __main__ | ✅ regional_node_positive outliers removed | [-3.5, 8.5]
2026-05-14 21:52:13 | WARNING  | __main__ | ⚠️  Removed 739 outlier rows | 3284 remaining
2026-05-14 21:52:13 | INFO     | __main__ | 📌 STEP 3 — Fixing skewness (log transform)...
2026-05-14 21:52:13 | INFO     | __main__ | ✅ tumor_size log transformed | new skew: -0.40
2026-05-14 21:52:13 | INFO     | __main__ | ✅ regional_node_positive log transformed | new skew: 0.74
2026-05-14 21:52:13 | INFO     | __main__ | 📌 STEP 4 — Label encoding...
2026-05-14 21:52:13 | INFO     | __main__ | ✅ race encoded | 3 unique values
2026-05-14 21:52:13 | INFO     | __main__ | ✅ marital_status encoded | 5 unique values
2026-05-14 21:52:13 | INFO     | __main__ | ✅ t_stage encoded | 4 unique values
2026-05-14 21:52:13 | INFO     | __main__ | ✅ n_stage encoded | 3 unique values
2026-05-14 21:52:13 | INFO     | __main__ | ✅ sixth_stage encoded | 5 unique values
2026-05-14 21:52:13 | INFO     | __main__ | ✅ differentiate encoded | 4 unique values
2026-05-14 21:52:13 | INFO     | __main__ | ✅ grade encoded | 4 unique values
2026-05-14 21:52:13 | INFO     | __main__ | ✅ a_stage encoded | 2 unique values
2026-05-14 21:52:13 | INFO     | __main__ | ✅ estrogen_status encoded | 2 unique values
2026-05-14 21:52:13 | INFO     | __main__ | ✅ progesterone_status encoded | 2 unique values
2026-05-14 21:52:13 | INFO     | __main__ | 📌 STEP 5 — Encoding target...
2026-05-14 21:52:13 | INFO     | __main__ | ✅ status encoded | {'Alive': 1, 'Dead': 0}
2026-05-14 21:52:13 | INFO     | __main__ | 📌 STEP 6 — SMOTE...
2026-05-14 21:52:13 | INFO     | __main__ |    Before SMOTE: {1: 2901, 0: 383}
2026-05-14 21:52:13 | INFO     | __main__ |    After SMOTE:  {1: 2901, 0: 2901}
2026-05-14 21:52:13 | INFO     | __main__ | ✅ SMOTE applied | 5802 rows
2026-05-14 21:52:13 | INFO     | __main__ | ✅ TRANSFORM complete — 5802 rows, 15 columns
2026-05-14 21:52:13 | INFO     | __main__ | 💾 LOAD — Saving to breast_cancer_processed...
2026-05-14 21:52:14 | INFO     | __main__ | ✅ Loaded 5802 rows into breast_cancer_processed
2026-05-14 21:52:14 | INFO     | __main__ | ✅ Verified — breast_cancer_processed has 5802 rows
2026-05-14 21:52:14 | INFO     | __main__ | ✅ DATA TRANSFORMATION ETL COMPLETED ✅
2026-05-14 21:52:14 | INFO     | __main__ |    → Ready for engineering.py
