2026-05-25 15:18:53 | INFO     | src.data_transformation.transform | ============================================================
2026-05-25 15:18:53 | INFO     | src.data_transformation.transform |   🚀 STAGE: DATA TRANSFORMATION — ETL
2026-05-25 15:18:53 | INFO     | src.data_transformation.transform |   ⏰ Time : 2026-05-25 15:18:53
2026-05-25 15:18:53 | INFO     | src.data_transformation.transform | ============================================================
2026-05-25 15:18:53 | INFO     | src.data_transformation.transform | 📥 EXTRACT — Reading from breast_cancer_raw...
2026-05-25 15:18:54 | INFO     | src.data_transformation.transform | ✅ Extracted 4023 rows from breast_cancer_raw
2026-05-25 15:18:54 | INFO     | src.data_transformation.transform | 🔄 TRANSFORM — Applying all cleaning steps...
2026-05-25 15:18:54 | INFO     | src.data_transformation.transform | 📌 STEP 1 — Dropping ['survival_months']...
2026-05-25 15:18:54 | INFO     | src.data_transformation.transform | ✅ ['survival_months'] dropped
2026-05-25 15:18:54 | INFO     | src.data_transformation.transform | 📌 STEP 2 — Removing outliers (IQR)...
2026-05-25 15:18:54 | INFO     | src.data_transformation.transform | ✅ tumor_size outliers removed | [-17.0, 71.0]
2026-05-25 15:18:54 | INFO     | src.data_transformation.transform | ✅ regional_node_examined outliers removed | [-6.0, 34.0]
2026-05-25 15:18:54 | INFO     | src.data_transformation.transform | ✅ regional_node_positive outliers removed | [-3.5, 8.5]
2026-05-25 15:18:54 | WARNING  | src.data_transformation.transform | ⚠️  Removed 739 outlier rows | 3284 remaining
2026-05-25 15:18:54 | INFO     | src.data_transformation.transform | 📌 STEP 3 — Fixing skewness (log transform)...
2026-05-25 15:18:54 | INFO     | src.data_transformation.transform | ✅ tumor_size log transformed | new skew: -0.40
2026-05-25 15:18:54 | INFO     | src.data_transformation.transform | ✅ regional_node_positive log transformed | new skew: 0.74
2026-05-25 15:18:54 | INFO     | src.data_transformation.transform | 📌 STEP 4 — Label encoding & saving encoders...
2026-05-25 15:18:54 | INFO     | src.data_transformation.transform | ✅ race encoded | classes: ['Black', 'Other', 'White']
2026-05-25 15:18:54 | INFO     | src.data_transformation.transform | ✅ marital_status encoded | classes: ['Divorced', 'Married', 'Separated', 'Single', 'Widowed']
2026-05-25 15:18:54 | INFO     | src.data_transformation.transform | ✅ t_stage encoded | classes: ['T1', 'T2', 'T3', 'T4']
2026-05-25 15:18:54 | INFO     | src.data_transformation.transform | ✅ n_stage encoded | classes: ['N1', 'N2', 'N3']
2026-05-25 15:18:54 | INFO     | src.data_transformation.transform | ✅ sixth_stage encoded | classes: ['IIA', 'IIB', 'IIIA', 'IIIB', 'IIIC']
2026-05-25 15:18:54 | INFO     | src.data_transformation.transform | ✅ differentiate encoded | classes: ['Moderately differentiated', 'Poorly differentiated', 'Undifferentiated', 'Well differentiated']
2026-05-25 15:18:54 | INFO     | src.data_transformation.transform | ✅ grade encoded | classes: ['1', '2', '3', 'anaplastic; Grade IV']
2026-05-25 15:18:54 | INFO     | src.data_transformation.transform | ✅ a_stage encoded | classes: ['Distant', 'Regional']
2026-05-25 15:18:54 | INFO     | src.data_transformation.transform | ✅ estrogen_status encoded | classes: ['Negative', 'Positive']
2026-05-25 15:18:54 | INFO     | src.data_transformation.transform | ✅ progesterone_status encoded | classes: ['Negative', 'Positive']
2026-05-25 15:18:54 | INFO     | src.data_transformation.transform | ✅ label_encoders.pkl saved → /home/jibach/End-to-End-Breast-Cancer-Prediction-ML-Pipeline/src/constants/../../artifacts/encoders/label_encoders.pkl
2026-05-25 15:18:54 | INFO     | src.data_transformation.transform | 📌 STEP 5 — Encoding target...
2026-05-25 15:18:54 | INFO     | src.data_transformation.transform | ✅ status encoded | {'Alive': 1, 'Dead': 0}
2026-05-25 15:18:54 | INFO     | src.data_transformation.transform | 📌 STEP 6 — SMOTE...
2026-05-25 15:18:54 | INFO     | src.data_transformation.transform |    Before SMOTE: {1: 2901, 0: 383}
2026-05-25 15:18:54 | INFO     | src.data_transformation.transform |    After SMOTE:  {1: 2901, 0: 2901}
2026-05-25 15:18:54 | INFO     | src.data_transformation.transform | ✅ SMOTE applied | 5802 rows
2026-05-25 15:18:54 | INFO     | src.data_transformation.transform | ✅ TRANSFORM complete — 5802 rows, 15 columns
2026-05-25 15:18:54 | INFO     | src.data_transformation.transform | 💾 LOAD — Saving to breast_cancer_processed...
2026-05-25 15:18:54 | INFO     | src.data_transformation.transform | ✅ Loaded 5802 rows into breast_cancer_processed
2026-05-25 15:18:54 | INFO     | src.data_transformation.transform | ✅ Verified — breast_cancer_processed has 5802 rows
2026-05-25 15:18:54 | INFO     | src.data_transformation.transform | ✅ DATA TRANSFORMATION ETL COMPLETED ✅
2026-05-25 15:18:54 | INFO     | src.data_transformation.transform |    → label_encoders.pkl saved to artifacts/encoders/
2026-05-25 15:18:54 | INFO     | src.data_transformation.transform |    → Ready for engineering.py
