2026-05-16 10:56:15 | INFO     | __main__ | ============================================================
2026-05-16 10:56:15 | INFO     | __main__ |   🚀 STAGE: MODEL EVALUATION — ETL
2026-05-16 10:56:15 | INFO     | __main__ |   ⏰ Time : 2026-05-16 10:56:15
2026-05-16 10:56:15 | INFO     | __main__ | ============================================================
2026-05-16 10:56:15 | INFO     | __main__ | 📥 EXTRACT — Reading model and test artifacts...
2026-05-16 10:56:15 | INFO     | __main__ | ✅ Model loaded   : xgboost
2026-05-16 10:56:15 | INFO     | __main__ | ✅ X_test: (1161, 10) | y_test: (1161,)
2026-05-16 10:56:15 | INFO     | __main__ | 🔄 TRANSFORM — Evaluating model...
2026-05-16 10:56:15 | INFO     | __main__ | 📌 STEP 1 — Generating predictions...
2026-05-16 10:56:15 | INFO     | __main__ | ✅ Predictions generated: 1161 samples
2026-05-16 10:56:15 | INFO     | __main__ | 📌 STEP 2 — Calculating metrics...
2026-05-16 10:56:15 | INFO     | __main__ | ✅ accuracy    : 0.9156
2026-05-16 10:56:15 | INFO     | __main__ | ✅ precision   : 0.9057
2026-05-16 10:56:15 | INFO     | __main__ | ✅ recall      : 0.9276
2026-05-16 10:56:15 | INFO     | __main__ | ✅ f1_score    : 0.9165
2026-05-16 10:56:15 | INFO     | __main__ | ✅ roc_auc     : 0.9623
2026-05-16 10:56:15 | INFO     | __main__ | 📌 STEP 3 — Confusion matrix...
2026-05-16 10:56:15 | INFO     | __main__ |    Confusion Matrix:
2026-05-16 10:56:15 | INFO     | __main__ |    TN=525  FP=56
2026-05-16 10:56:15 | INFO     | __main__ |    FN=42  TP=538
2026-05-16 10:56:15 | INFO     | __main__ | ✅ True Positives  (Dead correctly predicted)  : 538
2026-05-16 10:56:15 | INFO     | __main__ | ✅ True Negatives  (Alive correctly predicted) : 525
2026-05-16 10:56:15 | WARNING  | __main__ | ⚠️  False Positives (Alive predicted as Dead)   : 56
2026-05-16 10:56:15 | WARNING  | __main__ | ⚠️  False Negatives (Dead predicted as Alive)   : 42
2026-05-16 10:56:15 | INFO     | __main__ | 📌 STEP 4 — Classification report...
2026-05-16 10:56:15 | INFO     | __main__ | 
              precision    recall  f1-score   support

        Dead       0.93      0.90      0.91       581
       Alive       0.91      0.93      0.92       580

    accuracy                           0.92      1161
   macro avg       0.92      0.92      0.92      1161
weighted avg       0.92      0.92      0.92      1161

2026-05-16 10:56:15 | INFO     | __main__ | 💾 LOAD — Saving evaluation report...
2026-05-16 10:56:15 | INFO     | __main__ | ✅ Evaluation report saved → /home/jibach/End-to-End-Breast-Cancer-Prediction-ML-Pipeline/src/model_evaluation/../../src/constants/../../logs/evaluation_report_20260516_105615.json
2026-05-16 10:56:15 | INFO     | __main__ | 
=======================================================
2026-05-16 10:56:15 | INFO     | __main__ |    📊 FINAL EVALUATION SUMMARY
2026-05-16 10:56:15 | INFO     | __main__ | =======================================================
2026-05-16 10:56:15 | INFO     | __main__ |    accuracy    : 0.9156
2026-05-16 10:56:15 | INFO     | __main__ |    precision   : 0.9057
2026-05-16 10:56:15 | INFO     | __main__ |    recall      : 0.9276
2026-05-16 10:56:15 | INFO     | __main__ |    f1_score    : 0.9165
2026-05-16 10:56:15 | INFO     | __main__ |    roc_auc     : 0.9623
2026-05-16 10:56:15 | INFO     | __main__ | =======================================================
2026-05-16 10:56:15 | INFO     | __main__ | ✅ MODEL EVALUATION ETL COMPLETED ✅
2026-05-16 10:56:15 | INFO     | __main__ |    → Report saved to logs/
2026-05-16 10:56:15 | INFO     | __main__ |    → Ready for predict.py
