{"timestamp":"2026-05-25T09:38:53.328633Z","level":"info","event":"DAG bundles loaded: dags-folder, example_dags","logger":"airflow.dag_processing.bundles.manager.DagBundlesManager","filename":"manager.py","lineno":209}
{"timestamp":"2026-05-25T09:38:53.329478Z","level":"info","event":"Filling up the DagBag from /home/jibach/End-to-End-Breast-Cancer-Prediction-ML-Pipeline/airflow/dags/breast_cancer_pipeline_dag.py","logger":"airflow.dag_processing.dagbag.BundleDagBag","filename":"dagbag.py","lineno":469}
{"timestamp":"2026-05-25T09:38:53.366626Z","level":"warning","event":"The `airflow.operators.python.PythonOperator` attribute is deprecated. Please use `'airflow.providers.standard.operators.python.PythonOperator'`.","category":"UserWarning","filename":"/home/jibach/End-to-End-Breast-Cancer-Prediction-ML-Pipeline/airflow/dags/breast_cancer_pipeline_dag.py","lineno":3,"logger":"py.warnings"}
{"timestamp":"2026-05-25T09:38:53.386982Z","level":"info","event":"Task instance is in running state","logger":"task.stdout"}
{"timestamp":"2026-05-25T09:38:53.387233Z","level":"info","event":" Previous state of the Task instance: TaskInstanceState.QUEUED","logger":"task.stdout"}
{"timestamp":"2026-05-25T09:38:53.387378Z","level":"info","event":"Current task name:data_transformation","logger":"task.stdout"}
{"timestamp":"2026-05-25T09:38:53.387462Z","level":"info","event":"Dag name:breast_cancer_training_pipeline","logger":"task.stdout"}
{"timestamp":"2026-05-25T09:38:54.355471Z","level":"info","event":"============================================================","logger":"src.data_transformation.transform","filename":"logger.py","lineno":69}
{"timestamp":"2026-05-25T09:38:54.355628Z","level":"info","event":"  🚀 STAGE: DATA TRANSFORMATION — ETL","logger":"src.data_transformation.transform","filename":"logger.py","lineno":70}
{"timestamp":"2026-05-25T09:38:54.355735Z","level":"info","event":"  ⏰ Time : 2026-05-25 15:23:54","logger":"src.data_transformation.transform","filename":"logger.py","lineno":71}
{"timestamp":"2026-05-25T09:38:54.355839Z","level":"info","event":"============================================================","logger":"src.data_transformation.transform","filename":"logger.py","lineno":72}
{"timestamp":"2026-05-25T09:38:54.355921Z","level":"info","event":"📥 EXTRACT — Reading from breast_cancer_raw...","logger":"src.data_transformation.transform","filename":"transform.py","lineno":25}
{"timestamp":"2026-05-25T09:38:54.428798Z","level":"info","event":"✅ Extracted 4023 rows from breast_cancer_raw","logger":"src.data_transformation.transform","filename":"logger.py","lineno":76}
{"timestamp":"2026-05-25T09:38:54.429003Z","level":"info","event":"🔄 TRANSFORM — Applying all cleaning steps...","logger":"src.data_transformation.transform","filename":"transform.py","lineno":35}
{"timestamp":"2026-05-25T09:38:54.429124Z","level":"info","event":"📌 STEP 1 — Dropping ['survival_months']...","logger":"src.data_transformation.transform","filename":"transform.py","lineno":38}
{"timestamp":"2026-05-25T09:38:54.431635Z","level":"info","event":"✅ ['survival_months'] dropped","logger":"src.data_transformation.transform","filename":"logger.py","lineno":76}
{"timestamp":"2026-05-25T09:38:54.431801Z","level":"info","event":"📌 STEP 2 — Removing outliers (IQR)...","logger":"src.data_transformation.transform","filename":"transform.py","lineno":43}
{"timestamp":"2026-05-25T09:38:54.436197Z","level":"info","event":"✅ tumor_size outliers removed | [-17.0, 71.0]","logger":"src.data_transformation.transform","filename":"logger.py","lineno":76}
{"timestamp":"2026-05-25T09:38:54.439228Z","level":"info","event":"✅ regional_node_examined outliers removed | [-6.0, 34.0]","logger":"src.data_transformation.transform","filename":"logger.py","lineno":76}
{"timestamp":"2026-05-25T09:38:54.442039Z","level":"info","event":"✅ regional_node_positive outliers removed | [-3.5, 8.5]","logger":"src.data_transformation.transform","filename":"logger.py","lineno":76}
{"timestamp":"2026-05-25T09:38:54.442238Z","level":"warning","event":"⚠️  Removed 739 outlier rows | 3284 remaining","logger":"src.data_transformation.transform","filename":"logger.py","lineno":80}
{"timestamp":"2026-05-25T09:38:54.442338Z","level":"info","event":"📌 STEP 3 — Fixing skewness (log transform)...","logger":"src.data_transformation.transform","filename":"transform.py","lineno":56}
{"timestamp":"2026-05-25T09:38:54.442790Z","level":"error","event":"2026-05-25 15:23:54 | WARNING  | src.data_transformation.transform | ⚠️  Removed 739 outlier rows | 3284 remaining","logger":"task.stderr"}
{"timestamp":"2026-05-25T09:38:54.443384Z","level":"info","event":"✅ tumor_size log transformed | new skew: -0.40","logger":"src.data_transformation.transform","filename":"logger.py","lineno":76}
{"timestamp":"2026-05-25T09:38:54.444219Z","level":"info","event":"✅ regional_node_positive log transformed | new skew: 0.74","logger":"src.data_transformation.transform","filename":"logger.py","lineno":76}
{"timestamp":"2026-05-25T09:38:54.444376Z","level":"info","event":"📌 STEP 4 — Label encoding & saving encoders...","logger":"src.data_transformation.transform","filename":"transform.py","lineno":62}
{"timestamp":"2026-05-25T09:38:54.446203Z","level":"info","event":"✅ race encoded | classes: ['Black', 'Other', 'White']","logger":"src.data_transformation.transform","filename":"logger.py","lineno":76}
{"timestamp":"2026-05-25T09:38:54.447872Z","level":"info","event":"✅ marital_status encoded | classes: ['Divorced', 'Married', 'Separated', 'Single', 'Widowed']","logger":"src.data_transformation.transform","filename":"logger.py","lineno":76}
{"timestamp":"2026-05-25T09:38:54.448851Z","level":"info","event":"✅ t_stage encoded | classes: ['T1', 'T2', 'T3', 'T4']","logger":"src.data_transformation.transform","filename":"logger.py","lineno":76}
{"timestamp":"2026-05-25T09:38:54.449711Z","level":"info","event":"✅ n_stage encoded | classes: ['N1', 'N2', 'N3']","logger":"src.data_transformation.transform","filename":"logger.py","lineno":76}
{"timestamp":"2026-05-25T09:38:54.450598Z","level":"info","event":"✅ sixth_stage encoded | classes: ['IIA', 'IIB', 'IIIA', 'IIIB', 'IIIC']","logger":"src.data_transformation.transform","filename":"logger.py","lineno":76}
{"timestamp":"2026-05-25T09:38:54.451506Z","level":"info","event":"✅ differentiate encoded | classes: ['Moderately differentiated', 'Poorly differentiated', 'Undifferentiated', 'Well differentiated']","logger":"src.data_transformation.transform","filename":"logger.py","lineno":76}
{"timestamp":"2026-05-25T09:38:54.452216Z","level":"info","event":"✅ grade encoded | classes: ['1', '2', '3', 'anaplastic; Grade IV']","logger":"src.data_transformation.transform","filename":"logger.py","lineno":76}
{"timestamp":"2026-05-25T09:38:54.453057Z","level":"info","event":"✅ a_stage encoded | classes: ['Distant', 'Regional']","logger":"src.data_transformation.transform","filename":"logger.py","lineno":76}
{"timestamp":"2026-05-25T09:38:54.453868Z","level":"info","event":"✅ estrogen_status encoded | classes: ['Negative', 'Positive']","logger":"src.data_transformation.transform","filename":"logger.py","lineno":76}
{"timestamp":"2026-05-25T09:38:54.454757Z","level":"info","event":"✅ progesterone_status encoded | classes: ['Negative', 'Positive']","logger":"src.data_transformation.transform","filename":"logger.py","lineno":76}
{"timestamp":"2026-05-25T09:38:54.455199Z","level":"info","event":"✅ label_encoders.pkl saved → /home/jibach/End-to-End-Breast-Cancer-Prediction-ML-Pipeline/src/constants/../../artifacts/encoders/label_encoders.pkl","logger":"src.data_transformation.transform","filename":"logger.py","lineno":76}
{"timestamp":"2026-05-25T09:38:54.455291Z","level":"info","event":"📌 STEP 5 — Encoding target...","logger":"src.data_transformation.transform","filename":"transform.py","lineno":78}
{"timestamp":"2026-05-25T09:38:54.456632Z","level":"info","event":"✅ status encoded | {'Alive': 1, 'Dead': 0}","logger":"src.data_transformation.transform","filename":"logger.py","lineno":76}
{"timestamp":"2026-05-25T09:38:54.456757Z","level":"info","event":"📌 STEP 6 — SMOTE...","logger":"src.data_transformation.transform","filename":"transform.py","lineno":83}
{"timestamp":"2026-05-25T09:38:54.458406Z","level":"info","event":"   Before SMOTE: {1: 2901, 0: 383}","logger":"src.data_transformation.transform","filename":"transform.py","lineno":86}
{"timestamp":"2026-05-25T09:38:54.471565Z","level":"info","event":"   After SMOTE:  {1: 2901, 0: 2901}","logger":"src.data_transformation.transform","filename":"transform.py","lineno":91}
{"timestamp":"2026-05-25T09:38:54.471764Z","level":"info","event":"✅ SMOTE applied | 5802 rows","logger":"src.data_transformation.transform","filename":"logger.py","lineno":76}
{"timestamp":"2026-05-25T09:38:54.471897Z","level":"info","event":"✅ TRANSFORM complete — 5802 rows, 15 columns","logger":"src.data_transformation.transform","filename":"logger.py","lineno":76}
{"timestamp":"2026-05-25T09:38:54.472240Z","level":"info","event":"💾 LOAD — Saving to breast_cancer_processed...","logger":"src.data_transformation.transform","filename":"transform.py","lineno":101}
{"timestamp":"2026-05-25T09:38:54.889866Z","level":"info","event":"✅ Loaded 5802 rows into breast_cancer_processed","logger":"src.data_transformation.transform","filename":"logger.py","lineno":76}
{"timestamp":"2026-05-25T09:38:54.892947Z","level":"info","event":"✅ Verified — breast_cancer_processed has 5802 rows","logger":"src.data_transformation.transform","filename":"logger.py","lineno":76}
{"timestamp":"2026-05-25T09:38:54.893576Z","level":"info","event":"✅ DATA TRANSFORMATION ETL COMPLETED ✅","logger":"src.data_transformation.transform","filename":"logger.py","lineno":76}
{"timestamp":"2026-05-25T09:38:54.893800Z","level":"info","event":"   → label_encoders.pkl saved to artifacts/encoders/","logger":"src.data_transformation.transform","filename":"transform.py","lineno":124}
{"timestamp":"2026-05-25T09:38:54.893952Z","level":"info","event":"   → Ready for engineering.py","logger":"src.data_transformation.transform","filename":"transform.py","lineno":125}
{"timestamp":"2026-05-25T09:38:54.894425Z","level":"info","event":"Done. Returned value was: None","logger":"airflow.task.operators.airflow.providers.standard.operators.python.PythonOperator","filename":"python.py","lineno":229}
{"timestamp":"2026-05-25T09:38:54.916123Z","level":"info","event":"Task instance in success state","logger":"task.stdout"}
{"timestamp":"2026-05-25T09:38:54.916461Z","level":"info","event":" Previous state of the Task instance: TaskInstanceState.RUNNING","logger":"task.stdout"}
{"timestamp":"2026-05-25T09:38:54.916695Z","level":"info","event":"Task operator:<Task(PythonOperator): data_transformation>","logger":"task.stdout"}
