{"timestamp":"2026-05-25T09:33:56.562424Z","level":"info","event":"DAG bundles loaded: dags-folder, example_dags","logger":"airflow.dag_processing.bundles.manager.DagBundlesManager","filename":"manager.py","lineno":209}
{"timestamp":"2026-05-25T09:33:56.563621Z","level":"info","event":"Filling up the DagBag from /home/jibach/End-to-End-Breast-Cancer-Prediction-ML-Pipeline/airflow/dags/breast_cancer_pipeline_dag.py","logger":"airflow.dag_processing.dagbag.BundleDagBag","filename":"dagbag.py","lineno":469}
{"timestamp":"2026-05-25T09:33:56.609941Z","level":"warning","event":"The `airflow.operators.python.PythonOperator` attribute is deprecated. Please use `'airflow.providers.standard.operators.python.PythonOperator'`.","category":"UserWarning","filename":"/home/jibach/End-to-End-Breast-Cancer-Prediction-ML-Pipeline/airflow/dags/breast_cancer_pipeline_dag.py","lineno":3,"logger":"py.warnings"}
{"timestamp":"2026-05-25T09:33:56.629887Z","level":"info","event":"Task instance is in running state","logger":"task.stdout"}
{"timestamp":"2026-05-25T09:33:56.630119Z","level":"info","event":" Previous state of the Task instance: TaskInstanceState.QUEUED","logger":"task.stdout"}
{"timestamp":"2026-05-25T09:33:56.630273Z","level":"info","event":"Current task name:model_training","logger":"task.stdout"}
{"timestamp":"2026-05-25T09:33:56.630372Z","level":"info","event":"Dag name:breast_cancer_training_pipeline","logger":"task.stdout"}
{"timestamp":"2026-05-25T09:33:58.205442Z","level":"warning","event":"The filesystem tracking backend (e.g., './mlruns') is deprecated as of February 2026. Consider transitioning to a database backend (e.g., 'sqlite:///mlflow.db') to take advantage of the latest MLflow features. See https://mlflow.org/docs/latest/self-hosting/migrate-from-file-store for migration guidance.","category":"FutureWarning","filename":"/home/jibach/miniconda3/lib/python3.13/site-packages/mlflow/tracking/_tracking_service/utils.py","lineno":184,"logger":"py.warnings"}
{"timestamp":"2026-05-25T09:33:58.212664Z","level":"info","event":"============================================================","logger":"src.model_training.train","filename":"logger.py","lineno":69}
{"timestamp":"2026-05-25T09:33:58.212851Z","level":"info","event":"  🚀 STAGE: MODEL TRAINING — ETL + MLflow","logger":"src.model_training.train","filename":"logger.py","lineno":70}
{"timestamp":"2026-05-25T09:33:58.212984Z","level":"info","event":"  ⏰ Time : 2026-05-25 15:18:58","logger":"src.model_training.train","filename":"logger.py","lineno":71}
{"timestamp":"2026-05-25T09:33:58.213086Z","level":"info","event":"============================================================","logger":"src.model_training.train","filename":"logger.py","lineno":72}
{"timestamp":"2026-05-25T09:33:58.630861Z","level":"info","event":"📥 EXTRACT — Reading train/test artifacts...","logger":"src.model_training.train","filename":"train.py","lineno":44}
{"timestamp":"2026-05-25T09:33:58.703691Z","level":"info","event":"✅ X_train: (4641, 10) | X_test: (1161, 10)","logger":"src.model_training.train","filename":"logger.py","lineno":76}
{"timestamp":"2026-05-25T09:33:58.703911Z","level":"info","event":"✅ y_train: (4641,) | y_test: (1161,)","logger":"src.model_training.train","filename":"logger.py","lineno":76}
{"timestamp":"2026-05-25T09:33:58.706521Z","level":"info","event":"🔄 TRANSFORM — Training all models with MLflow tracking...","logger":"src.model_training.train","filename":"train.py","lineno":115}
{"timestamp":"2026-05-25T09:33:58.706756Z","level":"info","event":"📌 Training → random_forest","logger":"src.model_training.train","filename":"train.py","lineno":124}
{"timestamp":"2026-05-25T09:34:00.748348Z","level":"error","event":"2026/05/25 15:19:00 WARNING mlflow.sklearn: Saving scikit-learn models in the pickle or cloudpickle format requires exercising caution because these formats rely on Python's object serialization mechanism, which can execute arbitrary code during deserialization. The recommended safe alternative is the 'skops' format. For more information, see: https://scikit-learn.org/stable/model_persistence.html","logger":"task.stderr"}
{"timestamp":"2026-05-25T09:34:05.178793Z","level":"error","event":"2026/05/25 15:19:05 WARNING mlflow.utils.environment: Encountered an unexpected error while inferring pip requirements (model URI: /tmp/tmp_50tw4m8/model/model.pkl, flavor: sklearn). Fall back to return ['scikit-learn==1.6.1', 'cloudpickle==3.1.2']. Set logging level to DEBUG to see the full traceback.","logger":"task.stderr"}
{"timestamp":"2026-05-25T09:34:05.193365Z","level":"info","event":"   Metric          Train     Test      Gap","logger":"src.model_training.train","filename":"train.py","lineno":175}
{"timestamp":"2026-05-25T09:34:05.193516Z","level":"info","event":"   ----------------------------------------","logger":"src.model_training.train","filename":"train.py","lineno":176}
{"timestamp":"2026-05-25T09:34:05.193607Z","level":"info","event":"   accuracy       0.9235   0.8803  +0.0432","logger":"src.model_training.train","filename":"train.py","lineno":179}
{"timestamp":"2026-05-25T09:34:05.193683Z","level":"info","event":"   f1             0.9241   0.8782  +0.0459","logger":"src.model_training.train","filename":"train.py","lineno":179}
{"timestamp":"2026-05-25T09:34:05.193754Z","level":"info","event":"   precision      0.9169   0.8930  +0.0239","logger":"src.model_training.train","filename":"train.py","lineno":179}
{"timestamp":"2026-05-25T09:34:05.193824Z","level":"info","event":"   recall         0.9315   0.8638  +0.0677","logger":"src.model_training.train","filename":"train.py","lineno":179}
{"timestamp":"2026-05-25T09:34:05.193899Z","level":"info","event":"   CV f1: 0.8539 ± 0.0120","logger":"src.model_training.train","filename":"train.py","lineno":185}
{"timestamp":"2026-05-25T09:34:05.193970Z","level":"info","event":"   Diagnosis: ✅ GOOD FIT  — train/test gap: 0.0432","logger":"src.model_training.train","filename":"train.py","lineno":186}
{"timestamp":"2026-05-25T09:34:05.194053Z","level":"info","event":"","logger":"src.model_training.train","filename":"train.py","lineno":187}
{"timestamp":"2026-05-25T09:34:05.195556Z","level":"info","event":"📌 Training → xgboost","logger":"src.model_training.train","filename":"train.py","lineno":124}
{"timestamp":"2026-05-25T09:34:11.154697Z","level":"error","event":"2026/05/25 15:19:11 WARNING mlflow.utils.environment: Encountered an unexpected error while inferring pip requirements (model URI: /tmp/tmpr19snn0c/model, flavor: xgboost). Fall back to return ['xgboost==3.2.0']. Set logging level to DEBUG to see the full traceback.","logger":"task.stderr"}
{"timestamp":"2026-05-25T09:34:11.163917Z","level":"info","event":"   Metric          Train     Test      Gap","logger":"src.model_training.train","filename":"train.py","lineno":175}
{"timestamp":"2026-05-25T09:34:11.164115Z","level":"info","event":"   ----------------------------------------","logger":"src.model_training.train","filename":"train.py","lineno":176}
{"timestamp":"2026-05-25T09:34:11.164247Z","level":"info","event":"   accuracy       0.9429   0.9156  +0.0273","logger":"src.model_training.train","filename":"train.py","lineno":179}
{"timestamp":"2026-05-25T09:34:11.164367Z","level":"info","event":"   f1             0.9448   0.9165  +0.0283","logger":"src.model_training.train","filename":"train.py","lineno":179}
{"timestamp":"2026-05-25T09:34:11.164498Z","level":"info","event":"   precision      0.9149   0.9057  +0.0092","logger":"src.model_training.train","filename":"train.py","lineno":179}
{"timestamp":"2026-05-25T09:34:11.164617Z","level":"info","event":"   recall         0.9767   0.9276  +0.0491","logger":"src.model_training.train","filename":"train.py","lineno":179}
{"timestamp":"2026-05-25T09:34:11.164738Z","level":"info","event":"   CV f1: 0.8918 ± 0.0058","logger":"src.model_training.train","filename":"train.py","lineno":185}
{"timestamp":"2026-05-25T09:34:11.164852Z","level":"info","event":"   Diagnosis: ✅ GOOD FIT  — train/test gap: 0.0273","logger":"src.model_training.train","filename":"train.py","lineno":186}
{"timestamp":"2026-05-25T09:34:11.164968Z","level":"info","event":"","logger":"src.model_training.train","filename":"train.py","lineno":187}
{"timestamp":"2026-05-25T09:34:11.166741Z","level":"info","event":"=======================================================","logger":"src.model_training.train","filename":"train.py","lineno":204}
{"timestamp":"2026-05-25T09:34:11.166893Z","level":"info","event":"✅ 🏆 Best model: xgboost | CV f1: 0.8918","logger":"src.model_training.train","filename":"logger.py","lineno":76}
{"timestamp":"2026-05-25T09:34:11.167037Z","level":"info","event":"=======================================================","logger":"src.model_training.train","filename":"train.py","lineno":206}
{"timestamp":"2026-05-25T09:34:11.170621Z","level":"info","event":"💾 LOAD — Saving models and metrics...","logger":"src.model_training.train","filename":"train.py","lineno":214}
{"timestamp":"2026-05-25T09:34:11.178457Z","level":"info","event":"✅ random_forest.pkl saved | CV f1: 0.8539","logger":"src.model_training.train","filename":"logger.py","lineno":76}
{"timestamp":"2026-05-25T09:34:11.180827Z","level":"info","event":"✅ xgboost.pkl saved | CV f1: 0.8918","logger":"src.model_training.train","filename":"logger.py","lineno":76}
{"timestamp":"2026-05-25T09:34:11.182865Z","level":"info","event":"✅ best_model.pkl saved → xgboost","logger":"src.model_training.train","filename":"logger.py","lineno":76}
{"timestamp":"2026-05-25T09:34:11.183267Z","level":"info","event":"✅ train_test_comparison.json saved","logger":"src.model_training.train","filename":"logger.py","lineno":76}
{"timestamp":"2026-05-25T09:34:11.183363Z","level":"info","event":"\n=====================================================================================","logger":"src.model_training.train","filename":"train.py","lineno":252}
{"timestamp":"2026-05-25T09:34:11.183445Z","level":"info","event":"Model                        CV F1  Train Acc   Test Acc      Gap Diagnosis","logger":"src.model_training.train","filename":"train.py","lineno":253}
{"timestamp":"2026-05-25T09:34:11.183513Z","level":"info","event":"=====================================================================================","logger":"src.model_training.train","filename":"train.py","lineno":254}
{"timestamp":"2026-05-25T09:34:11.183620Z","level":"info","event":"random_forest               0.8539     0.9235     0.8803  +0.0432  ✅ GOOD FIT","logger":"src.model_training.train","filename":"train.py","lineno":261}
{"timestamp":"2026-05-25T09:34:11.183715Z","level":"info","event":"xgboost                     0.8918     0.9429     0.9156  +0.0273  ✅ GOOD FIT 🏆","logger":"src.model_training.train","filename":"train.py","lineno":261}
{"timestamp":"2026-05-25T09:34:11.183799Z","level":"info","event":"=====================================================================================","logger":"src.model_training.train","filename":"train.py","lineno":266}
{"timestamp":"2026-05-25T09:34:11.185233Z","level":"info","event":"✅ MODEL TRAINING ETL COMPLETED ✅","logger":"src.model_training.train","filename":"logger.py","lineno":76}
{"timestamp":"2026-05-25T09:34:11.185344Z","level":"info","event":"   → Models saved to artifacts/models/","logger":"src.model_training.train","filename":"train.py","lineno":298}
{"timestamp":"2026-05-25T09:34:11.185426Z","level":"info","event":"   → Metrics saved to artifacts/metrics/","logger":"src.model_training.train","filename":"train.py","lineno":299}
{"timestamp":"2026-05-25T09:34:11.185505Z","level":"info","event":"   → Run 'mlflow ui' to view experiments","logger":"src.model_training.train","filename":"train.py","lineno":300}
{"timestamp":"2026-05-25T09:34:11.185585Z","level":"info","event":"   → Ready for evaluate.py","logger":"src.model_training.train","filename":"train.py","lineno":301}
{"timestamp":"2026-05-25T09:34:11.187839Z","level":"info","event":"Done. Returned value was: None","logger":"airflow.task.operators.airflow.providers.standard.operators.python.PythonOperator","filename":"python.py","lineno":229}
{"timestamp":"2026-05-25T09:34:11.213343Z","level":"info","event":"Task instance in success state","logger":"task.stdout"}
{"timestamp":"2026-05-25T09:34:11.213590Z","level":"info","event":" Previous state of the Task instance: TaskInstanceState.RUNNING","logger":"task.stdout"}
{"timestamp":"2026-05-25T09:34:11.213780Z","level":"info","event":"Task operator:<Task(PythonOperator): model_training>","logger":"task.stdout"}
