{"timestamp":"2026-05-25T09:36:51.590444Z","level":"info","event":"DAG bundles loaded: dags-folder, example_dags","logger":"airflow.dag_processing.bundles.manager.DagBundlesManager","filename":"manager.py","lineno":209}
{"timestamp":"2026-05-25T09:36:51.591459Z","level":"info","event":"Filling up the DagBag from /home/jibach/End-to-End-Breast-Cancer-Prediction-ML-Pipeline/airflow/dags/breast_cancer_pipeline_dag.py","logger":"airflow.dag_processing.dagbag.BundleDagBag","filename":"dagbag.py","lineno":469}
{"timestamp":"2026-05-25T09:36:51.638019Z","level":"warning","event":"The `airflow.operators.python.PythonOperator` attribute is deprecated. Please use `'airflow.providers.standard.operators.python.PythonOperator'`.","category":"UserWarning","filename":"/home/jibach/End-to-End-Breast-Cancer-Prediction-ML-Pipeline/airflow/dags/breast_cancer_pipeline_dag.py","lineno":3,"logger":"py.warnings"}
{"timestamp":"2026-05-25T09:36:51.658783Z","level":"info","event":"Task instance is in running state","logger":"task.stdout"}
{"timestamp":"2026-05-25T09:36:51.659188Z","level":"info","event":" Previous state of the Task instance: TaskInstanceState.QUEUED","logger":"task.stdout"}
{"timestamp":"2026-05-25T09:36:51.659410Z","level":"info","event":"Current task name:feature_engineering","logger":"task.stdout"}
{"timestamp":"2026-05-25T09:36:51.659557Z","level":"info","event":"Dag name:breast_cancer_training_pipeline","logger":"task.stdout"}
{"timestamp":"2026-05-25T09:36:52.372267Z","level":"info","event":"============================================================","logger":"src.feature_engineering.engineering","filename":"logger.py","lineno":69}
{"timestamp":"2026-05-25T09:36:52.372457Z","level":"info","event":"  🚀 STAGE: FEATURE ENGINEERING — ETL","logger":"src.feature_engineering.engineering","filename":"logger.py","lineno":70}
{"timestamp":"2026-05-25T09:36:52.372581Z","level":"info","event":"  ⏰ Time : 2026-05-25 15:21:52","logger":"src.feature_engineering.engineering","filename":"logger.py","lineno":71}
{"timestamp":"2026-05-25T09:36:52.372651Z","level":"info","event":"============================================================","logger":"src.feature_engineering.engineering","filename":"logger.py","lineno":72}
{"timestamp":"2026-05-25T09:36:52.372745Z","level":"info","event":"📥 EXTRACT — Reading from breast_cancer_processed...","logger":"src.feature_engineering.engineering","filename":"engineering.py","lineno":68}
{"timestamp":"2026-05-25T09:36:52.459810Z","level":"info","event":"✅ Extracted 5802 rows from breast_cancer_processed","logger":"src.feature_engineering.engineering","filename":"logger.py","lineno":76}
{"timestamp":"2026-05-25T09:36:52.459962Z","level":"info","event":"🔄 TRANSFORM — Feature engineering...","logger":"src.feature_engineering.engineering","filename":"engineering.py","lineno":115}
{"timestamp":"2026-05-25T09:36:52.460083Z","level":"info","event":"📌 STEP 1 — Splitting features and target...","logger":"src.feature_engineering.engineering","filename":"engineering.py","lineno":118}
{"timestamp":"2026-05-25T09:36:52.462299Z","level":"info","event":"✅ Features: (5802, 14) | Target: (5802,)","logger":"src.feature_engineering.engineering","filename":"logger.py","lineno":76}
{"timestamp":"2026-05-25T09:36:52.462436Z","level":"info","event":"📌 STEP 2 — Selecting top 10 features...","logger":"src.feature_engineering.engineering","filename":"engineering.py","lineno":128}
{"timestamp":"2026-05-25T09:36:52.468169Z","level":"info","event":"   Feature scores:","logger":"src.feature_engineering.engineering","filename":"engineering.py","lineno":137}
{"timestamp":"2026-05-25T09:36:52.468370Z","level":"info","event":"   progesterone_status            score: 782.58","logger":"src.feature_engineering.engineering","filename":"engineering.py","lineno":139}
{"timestamp":"2026-05-25T09:36:52.468462Z","level":"info","event":"   estrogen_status                score: 334.76","logger":"src.feature_engineering.engineering","filename":"engineering.py","lineno":139}
{"timestamp":"2026-05-25T09:36:52.468535Z","level":"info","event":"   differentiate                  score: 233.14","logger":"src.feature_engineering.engineering","filename":"engineering.py","lineno":139}
{"timestamp":"2026-05-25T09:36:52.468604Z","level":"info","event":"   tumor_size                     score: 153.12","logger":"src.feature_engineering.engineering","filename":"engineering.py","lineno":139}
{"timestamp":"2026-05-25T09:36:52.468687Z","level":"info","event":"   regional_node_positive         score: 134.68","logger":"src.feature_engineering.engineering","filename":"engineering.py","lineno":139}
{"timestamp":"2026-05-25T09:36:52.468758Z","level":"info","event":"   race                           score: 81.76","logger":"src.feature_engineering.engineering","filename":"engineering.py","lineno":139}
{"timestamp":"2026-05-25T09:36:52.468831Z","level":"info","event":"   regional_node_examined         score: 50.83","logger":"src.feature_engineering.engineering","filename":"engineering.py","lineno":139}
{"timestamp":"2026-05-25T09:36:52.468903Z","level":"info","event":"   marital_status                 score: 40.56","logger":"src.feature_engineering.engineering","filename":"engineering.py","lineno":139}
{"timestamp":"2026-05-25T09:36:52.468971Z","level":"info","event":"   age                            score: 38.52","logger":"src.feature_engineering.engineering","filename":"engineering.py","lineno":139}
{"timestamp":"2026-05-25T09:36:52.469059Z","level":"info","event":"   a_stage                        score: 28.34","logger":"src.feature_engineering.engineering","filename":"engineering.py","lineno":139}
{"timestamp":"2026-05-25T09:36:52.469692Z","level":"info","event":"✅ Selected features: ['age', 'race', 'marital_status', 'differentiate', 'a_stage', 'tumor_size', 'estrogen_status', 'progesterone_status', 'regional_node_examined', 'regional_node_positive']","logger":"src.feature_engineering.engineering","filename":"logger.py","lineno":76}
{"timestamp":"2026-05-25T09:36:52.469863Z","level":"info","event":"📌 STEP 3 — Train/Test split...","logger":"src.feature_engineering.engineering","filename":"engineering.py","lineno":146}
{"timestamp":"2026-05-25T09:36:52.473549Z","level":"info","event":"✅ Train: 4641 | Test: 1161","logger":"src.feature_engineering.engineering","filename":"logger.py","lineno":76}
{"timestamp":"2026-05-25T09:36:52.473670Z","level":"info","event":"📌 STEP 4 — Scaling features...","logger":"src.feature_engineering.engineering","filename":"engineering.py","lineno":158}
{"timestamp":"2026-05-25T09:36:52.477418Z","level":"info","event":"✅ Features scaled successfully","logger":"src.feature_engineering.engineering","filename":"logger.py","lineno":76}
{"timestamp":"2026-05-25T09:36:52.477600Z","level":"info","event":"💾 LOAD — Saving artifacts...","logger":"src.feature_engineering.engineering","filename":"engineering.py","lineno":207}
{"timestamp":"2026-05-25T09:36:52.595777Z","level":"info","event":"✅ Train/Test splits saved","logger":"src.feature_engineering.engineering","filename":"logger.py","lineno":76}
{"timestamp":"2026-05-25T09:36:52.596140Z","level":"info","event":"✅ scaler.pkl saved → /home/jibach/End-to-End-Breast-Cancer-Prediction-ML-Pipeline/src/constants/../../artifacts/encoders/scaler.pkl","logger":"src.feature_engineering.engineering","filename":"logger.py","lineno":76}
{"timestamp":"2026-05-25T09:36:52.596439Z","level":"info","event":"✅ selector.pkl saved → /home/jibach/End-to-End-Breast-Cancer-Prediction-ML-Pipeline/src/constants/../../artifacts/encoders/selector.pkl","logger":"src.feature_engineering.engineering","filename":"logger.py","lineno":76}
{"timestamp":"2026-05-25T09:36:52.596616Z","level":"info","event":"✅ selected_features.pkl saved → /home/jibach/End-to-End-Breast-Cancer-Prediction-ML-Pipeline/src/constants/../../artifacts/encoders/selected_features.pkl","logger":"src.feature_engineering.engineering","filename":"logger.py","lineno":76}
{"timestamp":"2026-05-25T09:36:52.596709Z","level":"info","event":"✅ FEATURE ENGINEERING ETL COMPLETED ✅","logger":"src.feature_engineering.engineering","filename":"logger.py","lineno":76}
{"timestamp":"2026-05-25T09:36:52.596795Z","level":"info","event":"   → Ready for train.py","logger":"src.feature_engineering.engineering","filename":"engineering.py","lineno":261}
{"timestamp":"2026-05-25T09:36:52.597145Z","level":"info","event":"Done. Returned value was: None","logger":"airflow.task.operators.airflow.providers.standard.operators.python.PythonOperator","filename":"python.py","lineno":229}
{"timestamp":"2026-05-25T09:36:52.612051Z","level":"info","event":"Task instance in success state","logger":"task.stdout"}
{"timestamp":"2026-05-25T09:36:52.612223Z","level":"info","event":" Previous state of the Task instance: TaskInstanceState.RUNNING","logger":"task.stdout"}
{"timestamp":"2026-05-25T09:36:52.612394Z","level":"info","event":"Task operator:<Task(PythonOperator): feature_engineering>","logger":"task.stdout"}
